<?xml version="1.0" encoding="UTF-8"?>
<!-- Generated by org.testng.reporters.JUnitXMLReporter -->
<testsuite ignored="0" hostname="CHIMCS04159" failures="0" tests="2" name="GAP Replacement testing on IE" time="15.042" errors="0" timestamp="2020-01-19T21:44:26 EST">
  <testcase classname="jma.gap.pcrs.test.PCRS_HomePage_Test" name="varify_PCRS_HomePage_Title" time="0.0">
    <skipped/>
  </testcase> <!-- varify_PCRS_HomePage_Title -->
  <testcase classname="jma.gap.pcrs.test.PCRS_HomePage_Test" name="varify_PCRS_HomePage_Title" time="0.098"/>
</testsuite> <!-- GAP Replacement testing on IE -->
