<?xml version="1.0" encoding="UTF-8"?>
<!-- Generated by org.testng.reporters.JUnitXMLReporter -->
<testsuite ignored="0" hostname="CHIMCS04159" failures="1" tests="2" name="PCRS testing feature" time="0.232" errors="0" timestamp="2020-02-16T13:57:01 EST">
  <testcase classname="jma.gap.pcrs.test.TestConfiguration" name="test1" time="0.043"/>
  <testcase classname="jma.gap.pcrs.test.TestConfiguration" name="test2" time="0.017">
    <failure type="java.lang.AssertionError" message="did not expect to find [123.45] but found [123.33]">
      <![CDATA[java.lang.AssertionError: did not expect to find [123.45] but found [123.33]
at jma.gap.pcrs.test.TestConfiguration.test2(TestConfiguration.java:17)
at java.base/java.util.ArrayList.forEach(ArrayList.java:1507)
... Removed 31 stack frames]]>
    </failure>
  </testcase> <!-- test2 -->
</testsuite> <!-- PCRS testing feature -->
